[0m11:11:39.872339 [debug] [MainThread]: Sending event: {'category': 'dbt', 'action': 'invocation', 'label': 'start', 'context': [<snowplow_tracker.self_describing_json.SelfDescribingJson object at 0x7f2284ba0cb0>, <snowplow_tracker.self_describing_json.SelfDescribingJson object at 0x7f22855f9250>, <snowplow_tracker.self_describing_json.SelfDescribingJson object at 0x7f228538d2b0>]}


============================== 11:11:39.885622 | 4f2f1377-4204-4e52-b3cb-d541a4af6597 ==============================
[0m11:11:39.885622 [info ] [MainThread]: Running with dbt=1.9.2
[0m11:11:39.886891 [debug] [MainThread]: running dbt with arguments {'printer_width': '80', 'indirect_selection': 'eager', 'log_cache_events': 'False', 'write_json': 'True', 'partial_parse': 'True', 'cache_selected_only': 'False', 'warn_error': 'None', 'debug': 'False', 'version_check': 'True', 'log_path': '/mnt/c/Users/pc/OneDrive - Koc Universitesi/Masaüstü/dbt_course/dbtlearn/logs', 'fail_fast': 'False', 'profiles_dir': '/home/batu_ubuntu/.dbt', 'use_colors': 'True', 'use_experimental_parser': 'False', 'no_print': 'None', 'quiet': 'False', 'empty': 'None', 'warn_error_options': 'WarnErrorOptions(include=[], exclude=[])', 'static_parser': 'True', 'invocation_command': 'dbt debug', 'log_format': 'default', 'target_path': 'None', 'introspect': 'True', 'send_anonymous_usage_stats': 'True'}
[0m11:11:40.146289 [info ] [MainThread]: dbt version: 1.9.2
[0m11:11:40.147419 [info ] [MainThread]: python version: 3.12.3
[0m11:11:40.148656 [info ] [MainThread]: python path: /mnt/c/Users/pc/OneDrive - Koc Universitesi/Masaüstü/dbt_course/venv/bin/python3
[0m11:11:40.149829 [info ] [MainThread]: os info: Linux-5.15.167.4-microsoft-standard-WSL2-x86_64-with-glibc2.39
[0m11:11:43.879185 [info ] [MainThread]: Using profiles dir at /home/batu_ubuntu/.dbt
[0m11:11:43.880736 [info ] [MainThread]: Using profiles.yml file at /home/batu_ubuntu/.dbt/profiles.yml
[0m11:11:43.882395 [info ] [MainThread]: Using dbt_project.yml file at /mnt/c/Users/pc/OneDrive - Koc Universitesi/Masaüstü/dbt_course/dbtlearn/dbt_project.yml
[0m11:11:43.898091 [info ] [MainThread]: adapter type: snowflake
[0m11:11:43.899276 [info ] [MainThread]: adapter version: 1.9.0
[0m11:11:44.002989 [info ] [MainThread]: Configuration:
[0m11:11:44.005727 [info ] [MainThread]:   profiles.yml file [[32mOK found and valid[0m]
[0m11:11:44.007276 [info ] [MainThread]:   dbt_project.yml file [[32mOK found and valid[0m]
[0m11:11:44.008394 [info ] [MainThread]: Required dependencies:
[0m11:11:44.009661 [debug] [MainThread]: Executing "git --help"
[0m11:11:44.014850 [debug] [MainThread]: STDOUT: "b"usage: git [-v | --version] [-h | --help] [-C <path>] [-c <name>=<value>]\n           [--exec-path[=<path>]] [--html-path] [--man-path] [--info-path]\n           [-p | --paginate | -P | --no-pager] [--no-replace-objects] [--bare]\n           [--git-dir=<path>] [--work-tree=<path>] [--namespace=<name>]\n           [--config-env=<name>=<envvar>] <command> [<args>]\n\nThese are common Git commands used in various situations:\n\nstart a working area (see also: git help tutorial)\n   clone     Clone a repository into a new directory\n   init      Create an empty Git repository or reinitialize an existing one\n\nwork on the current change (see also: git help everyday)\n   add       Add file contents to the index\n   mv        Move or rename a file, a directory, or a symlink\n   restore   Restore working tree files\n   rm        Remove files from the working tree and from the index\n\nexamine the history and state (see also: git help revisions)\n   bisect    Use binary search to find the commit that introduced a bug\n   diff      Show changes between commits, commit and working tree, etc\n   grep      Print lines matching a pattern\n   log       Show commit logs\n   show      Show various types of objects\n   status    Show the working tree status\n\ngrow, mark and tweak your common history\n   branch    List, create, or delete branches\n   commit    Record changes to the repository\n   merge     Join two or more development histories together\n   rebase    Reapply commits on top of another base tip\n   reset     Reset current HEAD to the specified state\n   switch    Switch branches\n   tag       Create, list, delete or verify a tag object signed with GPG\n\ncollaborate (see also: git help workflows)\n   fetch     Download objects and refs from another repository\n   pull      Fetch from and integrate with another repository or a local branch\n   push      Update remote refs along with associated objects\n\n'git help -a' and 'git help -g' list available subcommands and some\nconcept guides. See 'git help <command>' or 'git help <concept>'\nto read about a specific subcommand or concept.\nSee 'git help git' for an overview of the system.\n""
[0m11:11:44.016950 [debug] [MainThread]: STDERR: "b''"
[0m11:11:44.018512 [info ] [MainThread]:  - git [[32mOK found[0m]

[0m11:11:44.019629 [info ] [MainThread]: Connection:
[0m11:11:44.020877 [info ] [MainThread]:   account: AWZDLLK-SZ00866
[0m11:11:44.022400 [info ] [MainThread]:   user: dbt
[0m11:11:44.024217 [info ] [MainThread]:   database: AIRBNB
[0m11:11:44.025593 [info ] [MainThread]:   warehouse: COMPUTE_WH
[0m11:11:44.027092 [info ] [MainThread]:   role: transform
[0m11:11:44.028449 [info ] [MainThread]:   schema: DEV
[0m11:11:44.029533 [info ] [MainThread]:   authenticator: None
[0m11:11:44.030602 [info ] [MainThread]:   oauth_client_id: None
[0m11:11:44.031792 [info ] [MainThread]:   query_tag: None
[0m11:11:44.033260 [info ] [MainThread]:   client_session_keep_alive: False
[0m11:11:44.035749 [info ] [MainThread]:   host: None
[0m11:11:44.037823 [info ] [MainThread]:   port: None
[0m11:11:44.039167 [info ] [MainThread]:   proxy_host: None
[0m11:11:44.040355 [info ] [MainThread]:   proxy_port: None
[0m11:11:44.041447 [info ] [MainThread]:   protocol: None
[0m11:11:44.042587 [info ] [MainThread]:   connect_retries: 1
[0m11:11:44.044348 [info ] [MainThread]:   connect_timeout: None
[0m11:11:44.045793 [info ] [MainThread]:   retry_on_database_errors: False
[0m11:11:44.047233 [info ] [MainThread]:   retry_all: False
[0m11:11:44.048464 [info ] [MainThread]:   insecure_mode: False
[0m11:11:44.049884 [info ] [MainThread]:   reuse_connections: True
[0m11:11:44.054286 [info ] [MainThread]: Registered adapter: snowflake=1.9.0
[0m11:11:55.224625 [debug] [MainThread]: Acquiring new snowflake connection 'debug'
[0m11:11:58.849761 [debug] [MainThread]: Using snowflake connection "debug"
[0m11:11:58.850929 [debug] [MainThread]: On debug: select 1 as id
[0m11:11:58.852279 [debug] [MainThread]: Opening a new connection, currently in state init
[0m11:11:59.754378 [debug] [MainThread]: SQL status: SUCCESS 1 in 1.736 seconds
[0m11:11:59.756405 [info ] [MainThread]:   Connection test: [[32mOK connection ok[0m]

[0m11:11:59.757905 [info ] [MainThread]: [32mAll checks passed![0m
[0m11:11:59.762279 [debug] [MainThread]: Resource report: {"command_name": "debug", "command_success": true, "command_wall_clock_time": 20.81595, "process_in_blocks": "26792", "process_kernel_time": 1.422492, "process_mem_max_rss": "121056", "process_out_blocks": "1448", "process_user_time": 2.181155}
[0m11:11:59.763520 [debug] [MainThread]: Command `dbt debug` succeeded at 11:11:59.763399 after 20.82 seconds
[0m11:11:59.764479 [debug] [MainThread]: Connection 'debug' was left open.
[0m11:11:59.765491 [debug] [MainThread]: On debug: Close
[0m11:12:00.141554 [debug] [MainThread]: Sending event: {'category': 'dbt', 'action': 'invocation', 'label': 'end', 'context': [<snowplow_tracker.self_describing_json.SelfDescribingJson object at 0x7f22855f9250>, <snowplow_tracker.self_describing_json.SelfDescribingJson object at 0x7f2284a118b0>, <snowplow_tracker.self_describing_json.SelfDescribingJson object at 0x7f2283367830>]}
[0m11:12:00.143300 [debug] [MainThread]: Flushing usage events
[0m11:12:00.654621 [debug] [MainThread]: An error was encountered while trying to flush usage events
[0m13:44:54.836922 [debug] [MainThread]: Sending event: {'category': 'dbt', 'action': 'invocation', 'label': 'start', 'context': [<snowplow_tracker.self_describing_json.SelfDescribingJson object at 0x7f539d89d100>, <snowplow_tracker.self_describing_json.SelfDescribingJson object at 0x7f539def76b0>, <snowplow_tracker.self_describing_json.SelfDescribingJson object at 0x7f539d89eb40>]}


============================== 13:44:54.851134 | 5a5d8ce7-e84f-4c33-856b-5e36894682f0 ==============================
[0m13:44:54.851134 [info ] [MainThread]: Running with dbt=1.9.2
[0m13:44:54.852531 [debug] [MainThread]: running dbt with arguments {'printer_width': '80', 'indirect_selection': 'eager', 'log_cache_events': 'False', 'write_json': 'True', 'partial_parse': 'True', 'cache_selected_only': 'False', 'warn_error': 'None', 'debug': 'False', 'profiles_dir': '/home/batu_ubuntu/.dbt', 'log_path': '/mnt/c/Users/pc/OneDrive - Koc Universitesi/Masaüstü/dbt_course/dbtlearn/logs', 'fail_fast': 'False', 'version_check': 'True', 'use_colors': 'True', 'use_experimental_parser': 'False', 'no_print': 'None', 'quiet': 'False', 'empty': 'None', 'warn_error_options': 'WarnErrorOptions(include=[], exclude=[])', 'introspect': 'True', 'invocation_command': 'dbt ', 'static_parser': 'True', 'target_path': 'None', 'log_format': 'default', 'send_anonymous_usage_stats': 'True'}
[0m13:44:55.221450 [debug] [MainThread]: Sending event: {'category': 'dbt', 'action': 'project_id', 'label': '5a5d8ce7-e84f-4c33-856b-5e36894682f0', 'context': [<snowplow_tracker.self_describing_json.SelfDescribingJson object at 0x7f539d74a060>]}
[0m13:44:55.636969 [info ] [MainThread]: Warning: No packages were found in packages.yml
[0m13:44:55.641181 [info ] [MainThread]: Warning: No packages were found in packages.yml
[0m13:44:55.645726 [debug] [MainThread]: Resource report: {"command_name": "deps", "command_success": true, "command_wall_clock_time": 0.9079067, "process_in_blocks": "48", "process_kernel_time": 0.909817, "process_mem_max_rss": "89904", "process_out_blocks": "0", "process_user_time": 1.712021}
[0m13:44:55.647359 [debug] [MainThread]: Command `cli deps` succeeded at 13:44:55.647189 after 0.91 seconds
[0m13:44:55.648852 [debug] [MainThread]: Sending event: {'category': 'dbt', 'action': 'invocation', 'label': 'end', 'context': [<snowplow_tracker.self_describing_json.SelfDescribingJson object at 0x7f539d36b290>, <snowplow_tracker.self_describing_json.SelfDescribingJson object at 0x7f539d795ca0>, <snowplow_tracker.self_describing_json.SelfDescribingJson object at 0x7f539d043830>]}
[0m13:44:55.650504 [debug] [MainThread]: Flushing usage events
[0m13:44:56.186160 [debug] [MainThread]: An error was encountered while trying to flush usage events
[0m13:56:00.975920 [debug] [MainThread]: Sending event: {'category': 'dbt', 'action': 'invocation', 'label': 'start', 'context': [<snowplow_tracker.self_describing_json.SelfDescribingJson object at 0x7fc460d66ed0>, <snowplow_tracker.self_describing_json.SelfDescribingJson object at 0x7fc45f134b30>, <snowplow_tracker.self_describing_json.SelfDescribingJson object at 0x7fc45eac71a0>]}


============================== 13:56:00.989122 | a4294463-79bd-4a9e-a0f6-4905ee455c2d ==============================
[0m13:56:00.989122 [info ] [MainThread]: Running with dbt=1.9.2
[0m13:56:00.990466 [debug] [MainThread]: running dbt with arguments {'printer_width': '80', 'indirect_selection': 'eager', 'log_cache_events': 'False', 'write_json': 'True', 'partial_parse': 'True', 'cache_selected_only': 'False', 'warn_error': 'None', 'debug': 'False', 'profiles_dir': '/home/batu_ubuntu/.dbt', 'log_path': '/mnt/c/Users/pc/OneDrive - Koc Universitesi/Masaüstü/dbt_course/dbtlearn/logs', 'version_check': 'True', 'fail_fast': 'False', 'use_colors': 'True', 'use_experimental_parser': 'False', 'empty': 'None', 'quiet': 'False', 'no_print': 'None', 'log_format': 'default', 'introspect': 'True', 'warn_error_options': 'WarnErrorOptions(include=[], exclude=[])', 'invocation_command': 'dbt deps', 'target_path': 'None', 'static_parser': 'True', 'send_anonymous_usage_stats': 'True'}
[0m13:56:01.334896 [debug] [MainThread]: Sending event: {'category': 'dbt', 'action': 'project_id', 'label': 'a4294463-79bd-4a9e-a0f6-4905ee455c2d', 'context': [<snowplow_tracker.self_describing_json.SelfDescribingJson object at 0x7fc45f40eb40>]}
[0m13:56:01.668422 [info ] [MainThread]: Warning: No packages were found in packages.yml
[0m13:56:01.677736 [info ] [MainThread]: Warning: No packages were found in packages.yml
[0m13:56:01.680755 [debug] [MainThread]: Resource report: {"command_name": "deps", "command_success": true, "command_wall_clock_time": 0.80107707, "process_in_blocks": "0", "process_kernel_time": 0.735319, "process_mem_max_rss": "90232", "process_out_blocks": "0", "process_user_time": 1.574205}
[0m13:56:01.681984 [debug] [MainThread]: Command `dbt deps` succeeded at 13:56:01.681878 after 0.80 seconds
[0m13:56:01.683083 [debug] [MainThread]: Sending event: {'category': 'dbt', 'action': 'invocation', 'label': 'end', 'context': [<snowplow_tracker.self_describing_json.SelfDescribingJson object at 0x7fc45ecc4ef0>, <snowplow_tracker.self_describing_json.SelfDescribingJson object at 0x7fc45f08ac00>, <snowplow_tracker.self_describing_json.SelfDescribingJson object at 0x7fc45efb75c0>]}
[0m13:56:01.684407 [debug] [MainThread]: Flushing usage events
[0m13:56:02.174905 [debug] [MainThread]: An error was encountered while trying to flush usage events
[0m13:56:40.808954 [debug] [MainThread]: Sending event: {'category': 'dbt', 'action': 'invocation', 'label': 'start', 'context': [<snowplow_tracker.self_describing_json.SelfDescribingJson object at 0x7ff13d345340>, <snowplow_tracker.self_describing_json.SelfDescribingJson object at 0x7ff13da04aa0>, <snowplow_tracker.self_describing_json.SelfDescribingJson object at 0x7ff13da79bb0>]}


============================== 13:56:40.822086 | 2d5611db-341c-4fb6-82f7-fd26e9139e8d ==============================
[0m13:56:40.822086 [info ] [MainThread]: Running with dbt=1.9.2
[0m13:56:40.823529 [debug] [MainThread]: running dbt with arguments {'printer_width': '80', 'indirect_selection': 'eager', 'write_json': 'True', 'log_cache_events': 'False', 'partial_parse': 'True', 'cache_selected_only': 'False', 'profiles_dir': '/home/batu_ubuntu/.dbt', 'fail_fast': 'False', 'version_check': 'True', 'log_path': '/mnt/c/Users/pc/OneDrive - Koc Universitesi/Masaüstü/dbt_course/dbtlearn/logs', 'warn_error': 'None', 'debug': 'False', 'use_colors': 'True', 'use_experimental_parser': 'False', 'empty': 'None', 'quiet': 'False', 'no_print': 'None', 'log_format': 'default', 'static_parser': 'True', 'invocation_command': 'dbt debug', 'introspect': 'True', 'target_path': 'None', 'warn_error_options': 'WarnErrorOptions(include=[], exclude=[])', 'send_anonymous_usage_stats': 'True'}
[0m13:56:41.087717 [info ] [MainThread]: dbt version: 1.9.2
[0m13:56:41.088727 [info ] [MainThread]: python version: 3.12.3
[0m13:56:41.089598 [info ] [MainThread]: python path: /mnt/c/Users/pc/OneDrive - Koc Universitesi/Masaüstü/dbt_course/venv/bin/python3
[0m13:56:41.090509 [info ] [MainThread]: os info: Linux-5.15.167.4-microsoft-standard-WSL2-x86_64-with-glibc2.39
[0m13:56:43.703001 [info ] [MainThread]: Using profiles dir at /home/batu_ubuntu/.dbt
[0m13:56:43.703938 [info ] [MainThread]: Using profiles.yml file at /home/batu_ubuntu/.dbt/profiles.yml
[0m13:56:43.704854 [info ] [MainThread]: Using dbt_project.yml file at /mnt/c/Users/pc/OneDrive - Koc Universitesi/Masaüstü/dbt_course/dbtlearn/dbt_project.yml
[0m13:56:43.716843 [info ] [MainThread]: adapter type: snowflake
[0m13:56:43.717978 [info ] [MainThread]: adapter version: 1.9.0
[0m13:56:43.829753 [info ] [MainThread]: Configuration:
[0m13:56:43.831034 [info ] [MainThread]:   profiles.yml file [[32mOK found and valid[0m]
[0m13:56:43.832369 [info ] [MainThread]:   dbt_project.yml file [[32mOK found and valid[0m]
[0m13:56:43.833482 [info ] [MainThread]: Required dependencies:
[0m13:56:43.835268 [debug] [MainThread]: Executing "git --help"
[0m13:56:43.839440 [debug] [MainThread]: STDOUT: "b"usage: git [-v | --version] [-h | --help] [-C <path>] [-c <name>=<value>]\n           [--exec-path[=<path>]] [--html-path] [--man-path] [--info-path]\n           [-p | --paginate | -P | --no-pager] [--no-replace-objects] [--bare]\n           [--git-dir=<path>] [--work-tree=<path>] [--namespace=<name>]\n           [--config-env=<name>=<envvar>] <command> [<args>]\n\nThese are common Git commands used in various situations:\n\nstart a working area (see also: git help tutorial)\n   clone     Clone a repository into a new directory\n   init      Create an empty Git repository or reinitialize an existing one\n\nwork on the current change (see also: git help everyday)\n   add       Add file contents to the index\n   mv        Move or rename a file, a directory, or a symlink\n   restore   Restore working tree files\n   rm        Remove files from the working tree and from the index\n\nexamine the history and state (see also: git help revisions)\n   bisect    Use binary search to find the commit that introduced a bug\n   diff      Show changes between commits, commit and working tree, etc\n   grep      Print lines matching a pattern\n   log       Show commit logs\n   show      Show various types of objects\n   status    Show the working tree status\n\ngrow, mark and tweak your common history\n   branch    List, create, or delete branches\n   commit    Record changes to the repository\n   merge     Join two or more development histories together\n   rebase    Reapply commits on top of another base tip\n   reset     Reset current HEAD to the specified state\n   switch    Switch branches\n   tag       Create, list, delete or verify a tag object signed with GPG\n\ncollaborate (see also: git help workflows)\n   fetch     Download objects and refs from another repository\n   pull      Fetch from and integrate with another repository or a local branch\n   push      Update remote refs along with associated objects\n\n'git help -a' and 'git help -g' list available subcommands and some\nconcept guides. See 'git help <command>' or 'git help <concept>'\nto read about a specific subcommand or concept.\nSee 'git help git' for an overview of the system.\n""
[0m13:56:43.840651 [debug] [MainThread]: STDERR: "b''"
[0m13:56:43.841696 [info ] [MainThread]:  - git [[32mOK found[0m]

[0m13:56:43.842865 [info ] [MainThread]: Connection:
[0m13:56:43.844120 [info ] [MainThread]:   account: AWZDLLK-SZ00866
[0m13:56:43.845841 [info ] [MainThread]:   user: dbt
[0m13:56:43.847373 [info ] [MainThread]:   database: AIRBNB
[0m13:56:43.848841 [info ] [MainThread]:   warehouse: COMPUTE_WH
[0m13:56:43.850082 [info ] [MainThread]:   role: transform
[0m13:56:43.851444 [info ] [MainThread]:   schema: DEV
[0m13:56:43.852691 [info ] [MainThread]:   authenticator: None
[0m13:56:43.854335 [info ] [MainThread]:   oauth_client_id: None
[0m13:56:43.856083 [info ] [MainThread]:   query_tag: None
[0m13:56:43.857830 [info ] [MainThread]:   client_session_keep_alive: False
[0m13:56:43.859135 [info ] [MainThread]:   host: None
[0m13:56:43.860444 [info ] [MainThread]:   port: None
[0m13:56:43.862011 [info ] [MainThread]:   proxy_host: None
[0m13:56:43.863979 [info ] [MainThread]:   proxy_port: None
[0m13:56:43.866665 [info ] [MainThread]:   protocol: None
[0m13:56:43.868164 [info ] [MainThread]:   connect_retries: 1
[0m13:56:43.869813 [info ] [MainThread]:   connect_timeout: None
[0m13:56:43.871150 [info ] [MainThread]:   retry_on_database_errors: False
[0m13:56:43.872748 [info ] [MainThread]:   retry_all: False
[0m13:56:43.874581 [info ] [MainThread]:   insecure_mode: False
[0m13:56:43.876665 [info ] [MainThread]:   reuse_connections: True
[0m13:56:43.879812 [info ] [MainThread]: Registered adapter: snowflake=1.9.0
[0m13:56:55.247725 [debug] [MainThread]: Acquiring new snowflake connection 'debug'
[0m13:56:58.848969 [debug] [MainThread]: Using snowflake connection "debug"
[0m13:56:58.850642 [debug] [MainThread]: On debug: select 1 as id
[0m13:56:58.852131 [debug] [MainThread]: Opening a new connection, currently in state init
[0m13:57:00.305067 [debug] [MainThread]: SQL status: SUCCESS 1 in 1.453 seconds
[0m13:57:00.307107 [info ] [MainThread]:   Connection test: [[32mOK connection ok[0m]

[0m13:57:00.308563 [info ] [MainThread]: [32mAll checks passed![0m
[0m13:57:00.311269 [debug] [MainThread]: Resource report: {"command_name": "debug", "command_success": true, "command_wall_clock_time": 19.596306, "process_in_blocks": "3160", "process_kernel_time": 1.743998, "process_mem_max_rss": "119952", "process_out_blocks": "16", "process_user_time": 2.094693}
[0m13:57:00.313099 [debug] [MainThread]: Command `dbt debug` succeeded at 13:57:00.312809 after 19.60 seconds
[0m13:57:00.315090 [debug] [MainThread]: Connection 'debug' was left open.
[0m13:57:00.316540 [debug] [MainThread]: On debug: Close
[0m13:57:00.628836 [debug] [MainThread]: Sending event: {'category': 'dbt', 'action': 'invocation', 'label': 'end', 'context': [<snowplow_tracker.self_describing_json.SelfDescribingJson object at 0x7ff13de1ab70>, <snowplow_tracker.self_describing_json.SelfDescribingJson object at 0x7ff13df6e090>, <snowplow_tracker.self_describing_json.SelfDescribingJson object at 0x7ff13df6efc0>]}
[0m13:57:00.630716 [debug] [MainThread]: Flushing usage events
[0m13:57:01.103033 [debug] [MainThread]: An error was encountered while trying to flush usage events
[0m13:57:48.475504 [debug] [MainThread]: Sending event: {'category': 'dbt', 'action': 'invocation', 'label': 'start', 'context': [<snowplow_tracker.self_describing_json.SelfDescribingJson object at 0x7f7111a325d0>, <snowplow_tracker.self_describing_json.SelfDescribingJson object at 0x7f7111dc5fd0>, <snowplow_tracker.self_describing_json.SelfDescribingJson object at 0x7f71120cfce0>]}


============================== 13:57:48.487060 | ee622bab-5a4a-4740-bb4f-f115ec38c01d ==============================
[0m13:57:48.487060 [info ] [MainThread]: Running with dbt=1.9.2
[0m13:57:48.488358 [debug] [MainThread]: running dbt with arguments {'printer_width': '80', 'indirect_selection': 'eager', 'write_json': 'True', 'log_cache_events': 'False', 'partial_parse': 'True', 'cache_selected_only': 'False', 'warn_error': 'None', 'version_check': 'True', 'fail_fast': 'False', 'log_path': '/mnt/c/Users/pc/OneDrive - Koc Universitesi/Masaüstü/dbt_course/dbtlearn/logs', 'profiles_dir': '/home/batu_ubuntu/.dbt', 'debug': 'False', 'use_colors': 'True', 'use_experimental_parser': 'False', 'no_print': 'None', 'quiet': 'False', 'empty': 'None', 'warn_error_options': 'WarnErrorOptions(include=[], exclude=[])', 'invocation_command': 'dbt deps', 'static_parser': 'True', 'log_format': 'default', 'target_path': 'None', 'introspect': 'True', 'send_anonymous_usage_stats': 'True'}
[0m13:57:48.820041 [debug] [MainThread]: Sending event: {'category': 'dbt', 'action': 'project_id', 'label': 'ee622bab-5a4a-4740-bb4f-f115ec38c01d', 'context': [<snowplow_tracker.self_describing_json.SelfDescribingJson object at 0x7f7111dfbe90>]}
[0m13:57:49.140223 [info ] [MainThread]: Warning: No packages were found in packages.yml
[0m13:57:49.147520 [info ] [MainThread]: Warning: No packages were found in packages.yml
[0m13:57:49.150098 [debug] [MainThread]: Resource report: {"command_name": "deps", "command_success": true, "command_wall_clock_time": 0.7657393, "process_in_blocks": "0", "process_kernel_time": 0.688681, "process_mem_max_rss": "90200", "process_out_blocks": "0", "process_user_time": 1.336852}
[0m13:57:49.151452 [debug] [MainThread]: Command `dbt deps` succeeded at 13:57:49.151300 after 0.77 seconds
[0m13:57:49.152696 [debug] [MainThread]: Sending event: {'category': 'dbt', 'action': 'invocation', 'label': 'end', 'context': [<snowplow_tracker.self_describing_json.SelfDescribingJson object at 0x7f7111a325d0>, <snowplow_tracker.self_describing_json.SelfDescribingJson object at 0x7f7111ef36b0>, <snowplow_tracker.self_describing_json.SelfDescribingJson object at 0x7f711187e480>]}
[0m13:57:49.154013 [debug] [MainThread]: Flushing usage events
[0m13:57:49.650803 [debug] [MainThread]: An error was encountered while trying to flush usage events
[0m13:58:34.030491 [debug] [MainThread]: Sending event: {'category': 'dbt', 'action': 'invocation', 'label': 'start', 'context': [<snowplow_tracker.self_describing_json.SelfDescribingJson object at 0x7f67df4157c0>, <snowplow_tracker.self_describing_json.SelfDescribingJson object at 0x7f67dfebf950>, <snowplow_tracker.self_describing_json.SelfDescribingJson object at 0x7f67df416060>]}


============================== 13:58:34.042342 | c57c9067-cfaa-4645-9cd9-1e6700e3fca9 ==============================
[0m13:58:34.042342 [info ] [MainThread]: Running with dbt=1.9.2
[0m13:58:34.043661 [debug] [MainThread]: running dbt with arguments {'printer_width': '80', 'indirect_selection': 'eager', 'log_cache_events': 'False', 'write_json': 'True', 'partial_parse': 'True', 'cache_selected_only': 'False', 'warn_error': 'None', 'debug': 'False', 'profiles_dir': '/home/batu_ubuntu/.dbt', 'log_path': '/mnt/c/Users/pc/OneDrive - Koc Universitesi/Masaüstü/dbt_course/dbtlearn/logs', 'version_check': 'True', 'fail_fast': 'False', 'use_colors': 'True', 'use_experimental_parser': 'False', 'empty': 'None', 'quiet': 'False', 'no_print': 'None', 'log_format': 'default', 'introspect': 'True', 'warn_error_options': 'WarnErrorOptions(include=[], exclude=[])', 'static_parser': 'True', 'target_path': 'None', 'invocation_command': 'dbt debug', 'send_anonymous_usage_stats': 'True'}
[0m13:58:34.296532 [info ] [MainThread]: dbt version: 1.9.2
[0m13:58:34.297464 [info ] [MainThread]: python version: 3.12.3
[0m13:58:34.298340 [info ] [MainThread]: python path: /mnt/c/Users/pc/OneDrive - Koc Universitesi/Masaüstü/dbt_course/venv/bin/python3
[0m13:58:34.299574 [info ] [MainThread]: os info: Linux-5.15.167.4-microsoft-standard-WSL2-x86_64-with-glibc2.39
[0m13:58:37.052858 [info ] [MainThread]: Using profiles dir at /home/batu_ubuntu/.dbt
[0m13:58:37.054059 [info ] [MainThread]: Using profiles.yml file at /home/batu_ubuntu/.dbt/profiles.yml
[0m13:58:37.055507 [info ] [MainThread]: Using dbt_project.yml file at /mnt/c/Users/pc/OneDrive - Koc Universitesi/Masaüstü/dbt_course/dbtlearn/dbt_project.yml
[0m13:58:37.069895 [info ] [MainThread]: adapter type: snowflake
[0m13:58:37.071622 [info ] [MainThread]: adapter version: 1.9.0
[0m13:58:37.164032 [info ] [MainThread]: Configuration:
[0m13:58:37.165544 [info ] [MainThread]:   profiles.yml file [[32mOK found and valid[0m]
[0m13:58:37.167155 [info ] [MainThread]:   dbt_project.yml file [[32mOK found and valid[0m]
[0m13:58:37.168492 [info ] [MainThread]: Required dependencies:
[0m13:58:37.169926 [debug] [MainThread]: Executing "git --help"
[0m13:58:37.173332 [debug] [MainThread]: STDOUT: "b"usage: git [-v | --version] [-h | --help] [-C <path>] [-c <name>=<value>]\n           [--exec-path[=<path>]] [--html-path] [--man-path] [--info-path]\n           [-p | --paginate | -P | --no-pager] [--no-replace-objects] [--bare]\n           [--git-dir=<path>] [--work-tree=<path>] [--namespace=<name>]\n           [--config-env=<name>=<envvar>] <command> [<args>]\n\nThese are common Git commands used in various situations:\n\nstart a working area (see also: git help tutorial)\n   clone     Clone a repository into a new directory\n   init      Create an empty Git repository or reinitialize an existing one\n\nwork on the current change (see also: git help everyday)\n   add       Add file contents to the index\n   mv        Move or rename a file, a directory, or a symlink\n   restore   Restore working tree files\n   rm        Remove files from the working tree and from the index\n\nexamine the history and state (see also: git help revisions)\n   bisect    Use binary search to find the commit that introduced a bug\n   diff      Show changes between commits, commit and working tree, etc\n   grep      Print lines matching a pattern\n   log       Show commit logs\n   show      Show various types of objects\n   status    Show the working tree status\n\ngrow, mark and tweak your common history\n   branch    List, create, or delete branches\n   commit    Record changes to the repository\n   merge     Join two or more development histories together\n   rebase    Reapply commits on top of another base tip\n   reset     Reset current HEAD to the specified state\n   switch    Switch branches\n   tag       Create, list, delete or verify a tag object signed with GPG\n\ncollaborate (see also: git help workflows)\n   fetch     Download objects and refs from another repository\n   pull      Fetch from and integrate with another repository or a local branch\n   push      Update remote refs along with associated objects\n\n'git help -a' and 'git help -g' list available subcommands and some\nconcept guides. See 'git help <command>' or 'git help <concept>'\nto read about a specific subcommand or concept.\nSee 'git help git' for an overview of the system.\n""
[0m13:58:37.174926 [debug] [MainThread]: STDERR: "b''"
[0m13:58:37.176203 [info ] [MainThread]:  - git [[32mOK found[0m]

[0m13:58:37.177742 [info ] [MainThread]: Connection:
[0m13:58:37.179221 [info ] [MainThread]:   account: AWZDLLK-SZ00866
[0m13:58:37.180596 [info ] [MainThread]:   user: dbt
[0m13:58:37.181647 [info ] [MainThread]:   database: AIRBNB
[0m13:58:37.183050 [info ] [MainThread]:   warehouse: COMPUTE_WH
[0m13:58:37.185577 [info ] [MainThread]:   role: transform
[0m13:58:37.187119 [info ] [MainThread]:   schema: DEV
[0m13:58:37.189335 [info ] [MainThread]:   authenticator: None
[0m13:58:37.191277 [info ] [MainThread]:   oauth_client_id: None
[0m13:58:37.193054 [info ] [MainThread]:   query_tag: None
[0m13:58:37.194500 [info ] [MainThread]:   client_session_keep_alive: False
[0m13:58:37.196224 [info ] [MainThread]:   host: None
[0m13:58:37.198178 [info ] [MainThread]:   port: None
[0m13:58:37.200347 [info ] [MainThread]:   proxy_host: None
[0m13:58:37.203703 [info ] [MainThread]:   proxy_port: None
[0m13:58:37.205034 [info ] [MainThread]:   protocol: None
[0m13:58:37.206744 [info ] [MainThread]:   connect_retries: 1
[0m13:58:37.208429 [info ] [MainThread]:   connect_timeout: None
[0m13:58:37.210373 [info ] [MainThread]:   retry_on_database_errors: False
[0m13:58:37.211713 [info ] [MainThread]:   retry_all: False
[0m13:58:37.213269 [info ] [MainThread]:   insecure_mode: False
[0m13:58:37.214345 [info ] [MainThread]:   reuse_connections: True
[0m13:58:37.218077 [info ] [MainThread]: Registered adapter: snowflake=1.9.0
[0m13:58:48.977215 [debug] [MainThread]: Acquiring new snowflake connection 'debug'
[0m13:58:52.802623 [debug] [MainThread]: Using snowflake connection "debug"
[0m13:58:52.803889 [debug] [MainThread]: On debug: select 1 as id
[0m13:58:52.805340 [debug] [MainThread]: Opening a new connection, currently in state init
[0m13:58:54.030115 [debug] [MainThread]: SQL status: SUCCESS 1 in 1.225 seconds
[0m13:58:54.032839 [info ] [MainThread]:   Connection test: [[32mOK connection ok[0m]

[0m13:58:54.034412 [info ] [MainThread]: [32mAll checks passed![0m
[0m13:58:54.037257 [debug] [MainThread]: Resource report: {"command_name": "debug", "command_success": true, "command_wall_clock_time": 20.098188, "process_in_blocks": "0", "process_kernel_time": 1.458311, "process_mem_max_rss": "119968", "process_out_blocks": "16", "process_user_time": 2.301101}
[0m13:58:54.039030 [debug] [MainThread]: Command `dbt debug` succeeded at 13:58:54.038794 after 20.10 seconds
[0m13:58:54.040524 [debug] [MainThread]: Connection 'debug' was left open.
[0m13:58:54.041989 [debug] [MainThread]: On debug: Close
[0m13:58:54.334437 [debug] [MainThread]: Sending event: {'category': 'dbt', 'action': 'invocation', 'label': 'end', 'context': [<snowplow_tracker.self_describing_json.SelfDescribingJson object at 0x7f67dfebf950>, <snowplow_tracker.self_describing_json.SelfDescribingJson object at 0x7f67de857a40>, <snowplow_tracker.self_describing_json.SelfDescribingJson object at 0x7f67df417d40>]}
[0m13:58:54.335766 [debug] [MainThread]: Flushing usage events
[0m13:58:54.810158 [debug] [MainThread]: An error was encountered while trying to flush usage events
[0m13:11:29.773100 [debug] [MainThread]: Sending event: {'category': 'dbt', 'action': 'invocation', 'label': 'start', 'context': [<snowplow_tracker.self_describing_json.SelfDescribingJson object at 0x7f81d8f68fe0>, <snowplow_tracker.self_describing_json.SelfDescribingJson object at 0x7f81d7a1fb60>, <snowplow_tracker.self_describing_json.SelfDescribingJson object at 0x7f81d7a99ac0>]}


============================== 13:11:29.792367 | 9bc96d50-9399-4da1-a6bb-e71b3867ec33 ==============================
[0m13:11:29.792367 [info ] [MainThread]: Running with dbt=1.9.2
[0m13:11:29.794618 [debug] [MainThread]: running dbt with arguments {'printer_width': '80', 'indirect_selection': 'eager', 'log_cache_events': 'False', 'write_json': 'True', 'partial_parse': 'True', 'cache_selected_only': 'False', 'profiles_dir': '/home/batu_ubuntu/.dbt', 'debug': 'False', 'version_check': 'True', 'log_path': '/mnt/c/Users/pc/OneDrive - Koc Universitesi/Masaüstü/dbt_course/dbtlearn/logs', 'warn_error': 'None', 'fail_fast': 'False', 'use_colors': 'True', 'use_experimental_parser': 'False', 'empty': 'False', 'quiet': 'False', 'no_print': 'None', 'log_format': 'default', 'invocation_command': 'dbt run', 'introspect': 'True', 'static_parser': 'True', 'target_path': 'None', 'warn_error_options': 'WarnErrorOptions(include=[], exclude=[])', 'send_anonymous_usage_stats': 'True'}
[0m13:11:33.538970 [debug] [MainThread]: Sending event: {'category': 'dbt', 'action': 'project_id', 'label': '9bc96d50-9399-4da1-a6bb-e71b3867ec33', 'context': [<snowplow_tracker.self_describing_json.SelfDescribingJson object at 0x7f81d5d296a0>]}
[0m13:11:33.592013 [debug] [MainThread]: Sending event: {'category': 'dbt', 'action': 'adapter_info', 'label': '9bc96d50-9399-4da1-a6bb-e71b3867ec33', 'context': [<snowplow_tracker.self_describing_json.SelfDescribingJson object at 0x7f81d5b924b0>]}
[0m13:11:33.610341 [info ] [MainThread]: Registered adapter: snowflake=1.9.0
[0m13:11:43.777897 [debug] [MainThread]: checksum: 12b12750b70de726cfd89136b8e24afc3f3e77597a97bff40ab7e5f9b39d5e18, vars: {}, profile: , target: , version: 1.9.2
[0m13:11:46.333956 [debug] [MainThread]: Partial parsing enabled: 0 files deleted, 1 files added, 0 files changed.
[0m13:11:46.335253 [debug] [MainThread]: Partial parsing: added file: dbtlearn://models/src/src_listings.sql
[0m13:11:46.611701 [debug] [MainThread]: Sending event: {'category': 'dbt', 'action': 'load_project', 'label': '9bc96d50-9399-4da1-a6bb-e71b3867ec33', 'context': [<snowplow_tracker.self_describing_json.SelfDescribingJson object at 0x7f81d5747e90>]}
[0m13:11:46.685584 [debug] [MainThread]: Wrote artifact WritableManifest to /mnt/c/Users/pc/OneDrive - Koc Universitesi/Masaüstü/dbt_course/dbtlearn/target/manifest.json
[0m13:11:46.697996 [debug] [MainThread]: Wrote artifact SemanticManifest to /mnt/c/Users/pc/OneDrive - Koc Universitesi/Masaüstü/dbt_course/dbtlearn/target/semantic_manifest.json
[0m13:11:47.002968 [debug] [MainThread]: Sending event: {'category': 'dbt', 'action': 'resource_counts', 'label': '9bc96d50-9399-4da1-a6bb-e71b3867ec33', 'context': [<snowplow_tracker.self_describing_json.SelfDescribingJson object at 0x7f81d5868c20>]}
[0m13:11:47.004085 [info ] [MainThread]: Found 1 model, 472 macros
[0m13:11:47.005193 [debug] [MainThread]: Sending event: {'category': 'dbt', 'action': 'runnable_timing', 'label': '9bc96d50-9399-4da1-a6bb-e71b3867ec33', 'context': [<snowplow_tracker.self_describing_json.SelfDescribingJson object at 0x7f81d7e03440>]}
[0m13:11:47.007276 [info ] [MainThread]: 
[0m13:11:47.008327 [info ] [MainThread]: Concurrency: 1 threads (target='dev')
[0m13:11:47.009536 [info ] [MainThread]: 
[0m13:11:47.011208 [debug] [MainThread]: Acquiring new snowflake connection 'master'
[0m13:11:47.013207 [debug] [ThreadPool]: Acquiring new snowflake connection 'list_AIRBNB'
[0m13:11:49.645674 [debug] [ThreadPool]: Using snowflake connection "list_AIRBNB"
[0m13:11:49.646950 [debug] [ThreadPool]: On list_AIRBNB: /* {"app": "dbt", "dbt_version": "1.9.2", "profile_name": "dbtlearn", "target_name": "dev", "connection_name": "list_AIRBNB"} */
show terse schemas in database AIRBNB
    limit 10000
[0m13:11:49.648327 [debug] [ThreadPool]: Opening a new connection, currently in state init
[0m13:11:51.870042 [debug] [ThreadPool]: SQL status: SUCCESS 4 in 1.806 seconds
[0m13:11:51.873015 [debug] [ThreadPool]: Re-using an available connection from the pool (formerly list_AIRBNB, now list_AIRBNB_DEV)
[0m13:11:51.882679 [debug] [ThreadPool]: Using snowflake connection "list_AIRBNB_DEV"
[0m13:11:51.883685 [debug] [ThreadPool]: On list_AIRBNB_DEV: /* {"app": "dbt", "dbt_version": "1.9.2", "profile_name": "dbtlearn", "target_name": "dev", "connection_name": "list_AIRBNB_DEV"} */
show objects in AIRBNB.DEV limit 10000;
[0m13:11:52.075390 [debug] [ThreadPool]: SQL status: SUCCESS 0 in 0.190 seconds
[0m13:11:52.077898 [debug] [MainThread]: Sending event: {'category': 'dbt', 'action': 'runnable_timing', 'label': '9bc96d50-9399-4da1-a6bb-e71b3867ec33', 'context': [<snowplow_tracker.self_describing_json.SelfDescribingJson object at 0x7f81d58f17f0>]}
[0m13:11:52.083585 [debug] [Thread-1 (]: Began running node model.dbtlearn.src_listings
[0m13:11:52.084823 [info ] [Thread-1 (]: 1 of 1 START sql view model DEV.src_listings ................................... [RUN]
[0m13:11:52.086249 [debug] [Thread-1 (]: Re-using an available connection from the pool (formerly list_AIRBNB_DEV, now model.dbtlearn.src_listings)
[0m13:11:52.087293 [debug] [Thread-1 (]: Began compiling node model.dbtlearn.src_listings
[0m13:11:52.094842 [debug] [Thread-1 (]: Writing injected SQL for node "model.dbtlearn.src_listings"
[0m13:11:52.116747 [debug] [Thread-1 (]: Began executing node model.dbtlearn.src_listings
[0m13:11:52.194353 [debug] [Thread-1 (]: Writing runtime sql for node "model.dbtlearn.src_listings"
[0m13:11:52.213118 [debug] [Thread-1 (]: Using snowflake connection "model.dbtlearn.src_listings"
[0m13:11:52.214124 [debug] [Thread-1 (]: On model.dbtlearn.src_listings: /* {"app": "dbt", "dbt_version": "1.9.2", "profile_name": "dbtlearn", "target_name": "dev", "node_id": "model.dbtlearn.src_listings"} */
create or replace   view AIRBNB.DEV.src_listings
  
   as (
    WITH raw_listings AS(
SELECT *
FROM AIRBNB.RAW.RAW_LISTINGS
)
SELECT
    id AS listing_id,
    name AS listing_name,
    listing_url,
    room_type,
    minimum_nights,
    host_id,
    price AS price_str,
    created_at,
    updated_at
FROM
    raw_listings
  );
[0m13:11:52.646428 [debug] [Thread-1 (]: SQL status: SUCCESS 1 in 0.431 seconds
[0m13:11:52.686876 [debug] [Thread-1 (]: Sending event: {'category': 'dbt', 'action': 'run_model', 'label': '9bc96d50-9399-4da1-a6bb-e71b3867ec33', 'context': [<snowplow_tracker.self_describing_json.SelfDescribingJson object at 0x7f81b71c84d0>]}
[0m13:11:52.688331 [info ] [Thread-1 (]: 1 of 1 OK created sql view model DEV.src_listings .............................. [[32mSUCCESS 1[0m in 0.59s]
[0m13:11:52.689990 [debug] [Thread-1 (]: Finished running node model.dbtlearn.src_listings
[0m13:11:52.692493 [debug] [MainThread]: Connection 'master' was properly closed.
[0m13:11:52.693708 [debug] [MainThread]: Connection 'model.dbtlearn.src_listings' was left open.
[0m13:11:52.695293 [debug] [MainThread]: On model.dbtlearn.src_listings: Close
[0m13:11:53.000642 [info ] [MainThread]: 
[0m13:11:53.001658 [info ] [MainThread]: Finished running 1 view model in 0 hours 0 minutes and 5.99 seconds (5.99s).
[0m13:11:53.003054 [debug] [MainThread]: Command end result
[0m13:11:53.040288 [debug] [MainThread]: Wrote artifact WritableManifest to /mnt/c/Users/pc/OneDrive - Koc Universitesi/Masaüstü/dbt_course/dbtlearn/target/manifest.json
[0m13:11:53.049197 [debug] [MainThread]: Wrote artifact SemanticManifest to /mnt/c/Users/pc/OneDrive - Koc Universitesi/Masaüstü/dbt_course/dbtlearn/target/semantic_manifest.json
[0m13:11:53.058960 [debug] [MainThread]: Wrote artifact RunExecutionResult to /mnt/c/Users/pc/OneDrive - Koc Universitesi/Masaüstü/dbt_course/dbtlearn/target/run_results.json
[0m13:11:53.060073 [info ] [MainThread]: 
[0m13:11:53.061129 [info ] [MainThread]: [32mCompleted successfully[0m
[0m13:11:53.062289 [info ] [MainThread]: 
[0m13:11:53.063472 [info ] [MainThread]: Done. PASS=1 WARN=0 ERROR=0 SKIP=0 TOTAL=1
[0m13:11:53.068235 [debug] [MainThread]: Resource report: {"command_name": "run", "command_success": true, "command_wall_clock_time": 22.97303, "process_in_blocks": "11760", "process_kernel_time": 1.693916, "process_mem_max_rss": "135556", "process_out_blocks": "1448", "process_user_time": 2.949751}
[0m13:11:53.069697 [debug] [MainThread]: Command `dbt run` succeeded at 13:11:53.069515 after 22.97 seconds
[0m13:11:53.070778 [debug] [MainThread]: Sending event: {'category': 'dbt', 'action': 'invocation', 'label': 'end', 'context': [<snowplow_tracker.self_describing_json.SelfDescribingJson object at 0x7f81d74210a0>, <snowplow_tracker.self_describing_json.SelfDescribingJson object at 0x7f81d79c5760>, <snowplow_tracker.self_describing_json.SelfDescribingJson object at 0x7f81d79c5af0>]}
[0m13:11:53.071928 [debug] [MainThread]: Flushing usage events
[0m13:11:53.582095 [debug] [MainThread]: An error was encountered while trying to flush usage events
[0m13:28:45.061669 [debug] [MainThread]: Sending event: {'category': 'dbt', 'action': 'invocation', 'label': 'start', 'context': [<snowplow_tracker.self_describing_json.SelfDescribingJson object at 0x7f0f46e73590>, <snowplow_tracker.self_describing_json.SelfDescribingJson object at 0x7f0f4704b830>, <snowplow_tracker.self_describing_json.SelfDescribingJson object at 0x7f0f48b79e80>]}


============================== 13:28:45.074410 | 7fd37c79-c6a2-4941-8e36-7ec45ff42c5f ==============================
[0m13:28:45.074410 [info ] [MainThread]: Running with dbt=1.9.2
[0m13:28:45.076056 [debug] [MainThread]: running dbt with arguments {'printer_width': '80', 'indirect_selection': 'eager', 'log_cache_events': 'False', 'write_json': 'True', 'partial_parse': 'True', 'cache_selected_only': 'False', 'warn_error': 'None', 'debug': 'False', 'version_check': 'True', 'log_path': '/mnt/c/Users/pc/OneDrive - Koc Universitesi/Masaüstü/dbt_course/dbtlearn/logs', 'profiles_dir': '/home/batu_ubuntu/.dbt', 'fail_fast': 'False', 'use_colors': 'True', 'use_experimental_parser': 'False', 'empty': 'False', 'quiet': 'False', 'no_print': 'None', 'warn_error_options': 'WarnErrorOptions(include=[], exclude=[])', 'introspect': 'True', 'static_parser': 'True', 'invocation_command': 'dbt run', 'target_path': 'None', 'log_format': 'default', 'send_anonymous_usage_stats': 'True'}
[0m13:28:48.617703 [debug] [MainThread]: Sending event: {'category': 'dbt', 'action': 'project_id', 'label': '7fd37c79-c6a2-4941-8e36-7ec45ff42c5f', 'context': [<snowplow_tracker.self_describing_json.SelfDescribingJson object at 0x7f0f459fc590>]}
[0m13:28:48.678853 [debug] [MainThread]: Sending event: {'category': 'dbt', 'action': 'adapter_info', 'label': '7fd37c79-c6a2-4941-8e36-7ec45ff42c5f', 'context': [<snowplow_tracker.self_describing_json.SelfDescribingJson object at 0x7f0f45d0a000>]}
[0m13:28:48.697224 [info ] [MainThread]: Registered adapter: snowflake=1.9.0
[0m13:28:59.045788 [debug] [MainThread]: checksum: 12b12750b70de726cfd89136b8e24afc3f3e77597a97bff40ab7e5f9b39d5e18, vars: {}, profile: , target: , version: 1.9.2
[0m13:29:02.080664 [debug] [MainThread]: Partial parsing enabled: 1 files deleted, 1 files added, 0 files changed.
[0m13:29:02.081767 [debug] [MainThread]: Partial parsing: added file: dbtlearn://models/src/src_reviews.sql
[0m13:29:02.322435 [debug] [MainThread]: Sending event: {'category': 'dbt', 'action': 'load_project', 'label': '7fd37c79-c6a2-4941-8e36-7ec45ff42c5f', 'context': [<snowplow_tracker.self_describing_json.SelfDescribingJson object at 0x7f0f4586c7d0>]}
[0m13:29:02.396691 [debug] [MainThread]: Wrote artifact WritableManifest to /mnt/c/Users/pc/OneDrive - Koc Universitesi/Masaüstü/dbt_course/dbtlearn/target/manifest.json
[0m13:29:02.409815 [debug] [MainThread]: Wrote artifact SemanticManifest to /mnt/c/Users/pc/OneDrive - Koc Universitesi/Masaüstü/dbt_course/dbtlearn/target/semantic_manifest.json
[0m13:29:02.675850 [debug] [MainThread]: Sending event: {'category': 'dbt', 'action': 'resource_counts', 'label': '7fd37c79-c6a2-4941-8e36-7ec45ff42c5f', 'context': [<snowplow_tracker.self_describing_json.SelfDescribingJson object at 0x7f0f47f1b2c0>]}
[0m13:29:02.677115 [info ] [MainThread]: Found 2 models, 472 macros
[0m13:29:02.678282 [debug] [MainThread]: Sending event: {'category': 'dbt', 'action': 'runnable_timing', 'label': '7fd37c79-c6a2-4941-8e36-7ec45ff42c5f', 'context': [<snowplow_tracker.self_describing_json.SelfDescribingJson object at 0x7f0f4586c980>]}
[0m13:29:02.680471 [info ] [MainThread]: 
[0m13:29:02.681587 [info ] [MainThread]: Concurrency: 1 threads (target='dev')
[0m13:29:02.682474 [info ] [MainThread]: 
[0m13:29:02.683748 [debug] [MainThread]: Acquiring new snowflake connection 'master'
[0m13:29:02.688872 [debug] [ThreadPool]: Acquiring new snowflake connection 'list_AIRBNB'
[0m13:29:05.149230 [debug] [ThreadPool]: Using snowflake connection "list_AIRBNB"
[0m13:29:05.150315 [debug] [ThreadPool]: On list_AIRBNB: /* {"app": "dbt", "dbt_version": "1.9.2", "profile_name": "dbtlearn", "target_name": "dev", "connection_name": "list_AIRBNB"} */
show terse schemas in database AIRBNB
    limit 10000
[0m13:29:05.151439 [debug] [ThreadPool]: Opening a new connection, currently in state init
[0m13:29:06.418145 [debug] [ThreadPool]: SQL status: SUCCESS 4 in 1.267 seconds
[0m13:29:06.422588 [debug] [ThreadPool]: Re-using an available connection from the pool (formerly list_AIRBNB, now list_AIRBNB_DEV)
[0m13:29:06.434501 [debug] [ThreadPool]: Using snowflake connection "list_AIRBNB_DEV"
[0m13:29:06.435707 [debug] [ThreadPool]: On list_AIRBNB_DEV: /* {"app": "dbt", "dbt_version": "1.9.2", "profile_name": "dbtlearn", "target_name": "dev", "connection_name": "list_AIRBNB_DEV"} */
show objects in AIRBNB.DEV limit 10000;
[0m13:29:06.634373 [debug] [ThreadPool]: SQL status: SUCCESS 1 in 0.197 seconds
[0m13:29:06.637247 [debug] [MainThread]: Sending event: {'category': 'dbt', 'action': 'runnable_timing', 'label': '7fd37c79-c6a2-4941-8e36-7ec45ff42c5f', 'context': [<snowplow_tracker.self_describing_json.SelfDescribingJson object at 0x7f0f455ad910>]}
[0m13:29:06.640705 [debug] [Thread-1 (]: Began running node model.dbtlearn.src_listings
[0m13:29:06.641914 [info ] [Thread-1 (]: 1 of 2 START sql view model DEV.src_listings ................................... [RUN]
[0m13:29:06.643363 [debug] [Thread-1 (]: Re-using an available connection from the pool (formerly list_AIRBNB_DEV, now model.dbtlearn.src_listings)
[0m13:29:06.644498 [debug] [Thread-1 (]: Began compiling node model.dbtlearn.src_listings
[0m13:29:06.651160 [debug] [Thread-1 (]: Writing injected SQL for node "model.dbtlearn.src_listings"
[0m13:29:06.662973 [debug] [Thread-1 (]: Began executing node model.dbtlearn.src_listings
[0m13:29:06.690452 [debug] [Thread-1 (]: Writing runtime sql for node "model.dbtlearn.src_listings"
[0m13:29:06.700601 [debug] [Thread-1 (]: Using snowflake connection "model.dbtlearn.src_listings"
[0m13:29:06.701647 [debug] [Thread-1 (]: On model.dbtlearn.src_listings: /* {"app": "dbt", "dbt_version": "1.9.2", "profile_name": "dbtlearn", "target_name": "dev", "node_id": "model.dbtlearn.src_listings"} */
create or replace   view AIRBNB.DEV.src_listings
  
   as (
    WITH raw_listings AS(
SELECT *
FROM AIRBNB.RAW.RAW_LISTINGS
)
SELECT
    id AS listing_id,
    name AS listing_name,
    listing_url,
    room_type,
    minimum_nights,
    host_id,
    price AS price_str,
    created_at,
    updated_at
FROM
    raw_listings
  );
[0m13:29:07.215968 [debug] [Thread-1 (]: SQL status: SUCCESS 1 in 0.513 seconds
[0m13:29:07.245936 [debug] [Thread-1 (]: Sending event: {'category': 'dbt', 'action': 'run_model', 'label': '7fd37c79-c6a2-4941-8e36-7ec45ff42c5f', 'context': [<snowplow_tracker.self_describing_json.SelfDescribingJson object at 0x7f0f489e7bc0>]}
[0m13:29:07.247475 [info ] [Thread-1 (]: 1 of 2 OK created sql view model DEV.src_listings .............................. [[32mSUCCESS 1[0m in 0.59s]
[0m13:29:07.248772 [debug] [Thread-1 (]: Finished running node model.dbtlearn.src_listings
[0m13:29:07.249990 [debug] [Thread-1 (]: Began running node model.dbtlearn.src_reviews
[0m13:29:07.251204 [info ] [Thread-1 (]: 2 of 2 START sql view model DEV.src_reviews .................................... [RUN]
[0m13:29:07.252493 [debug] [Thread-1 (]: Re-using an available connection from the pool (formerly model.dbtlearn.src_listings, now model.dbtlearn.src_reviews)
[0m13:29:07.253527 [debug] [Thread-1 (]: Began compiling node model.dbtlearn.src_reviews
[0m13:29:07.256341 [debug] [Thread-1 (]: Writing injected SQL for node "model.dbtlearn.src_reviews"
[0m13:29:07.267178 [debug] [Thread-1 (]: Began executing node model.dbtlearn.src_reviews
[0m13:29:07.322835 [debug] [Thread-1 (]: Writing runtime sql for node "model.dbtlearn.src_reviews"
[0m13:29:07.331797 [debug] [Thread-1 (]: Using snowflake connection "model.dbtlearn.src_reviews"
[0m13:29:07.332957 [debug] [Thread-1 (]: On model.dbtlearn.src_reviews: /* {"app": "dbt", "dbt_version": "1.9.2", "profile_name": "dbtlearn", "target_name": "dev", "node_id": "model.dbtlearn.src_reviews"} */
create or replace   view AIRBNB.DEV.src_reviews
  
   as (
    WITH raw_reviews AS(
SELECT *
FROM AIRBNB.RAW.RAW_REVIEWS
)
SELECT
    listing_id,
    date AS review_date,
    reviewer_name,
    comments AS review_text,
    sentiment AS review_sentiment    
FROM
    raw_reviews
  );
[0m13:29:07.826561 [debug] [Thread-1 (]: SQL status: SUCCESS 1 in 0.492 seconds
[0m13:29:07.829411 [debug] [Thread-1 (]: Sending event: {'category': 'dbt', 'action': 'run_model', 'label': '7fd37c79-c6a2-4941-8e36-7ec45ff42c5f', 'context': [<snowplow_tracker.self_describing_json.SelfDescribingJson object at 0x7f0f26e24410>]}
[0m13:29:07.830625 [info ] [Thread-1 (]: 2 of 2 OK created sql view model DEV.src_reviews ............................... [[32mSUCCESS 1[0m in 0.58s]
[0m13:29:07.832324 [debug] [Thread-1 (]: Finished running node model.dbtlearn.src_reviews
[0m13:29:07.835172 [debug] [MainThread]: Connection 'master' was properly closed.
[0m13:29:07.836252 [debug] [MainThread]: Connection 'model.dbtlearn.src_reviews' was left open.
[0m13:29:07.837632 [debug] [MainThread]: On model.dbtlearn.src_reviews: Close
[0m13:29:08.127075 [info ] [MainThread]: 
[0m13:29:08.128254 [info ] [MainThread]: Finished running 2 view models in 0 hours 0 minutes and 5.44 seconds (5.44s).
[0m13:29:08.130030 [debug] [MainThread]: Command end result
[0m13:29:08.168924 [debug] [MainThread]: Wrote artifact WritableManifest to /mnt/c/Users/pc/OneDrive - Koc Universitesi/Masaüstü/dbt_course/dbtlearn/target/manifest.json
[0m13:29:08.178098 [debug] [MainThread]: Wrote artifact SemanticManifest to /mnt/c/Users/pc/OneDrive - Koc Universitesi/Masaüstü/dbt_course/dbtlearn/target/semantic_manifest.json
[0m13:29:08.187712 [debug] [MainThread]: Wrote artifact RunExecutionResult to /mnt/c/Users/pc/OneDrive - Koc Universitesi/Masaüstü/dbt_course/dbtlearn/target/run_results.json
[0m13:29:08.188771 [info ] [MainThread]: 
[0m13:29:08.190132 [info ] [MainThread]: [32mCompleted successfully[0m
[0m13:29:08.191297 [info ] [MainThread]: 
[0m13:29:08.192456 [info ] [MainThread]: Done. PASS=2 WARN=0 ERROR=0 SKIP=0 TOTAL=2
[0m13:29:08.195649 [debug] [MainThread]: Resource report: {"command_name": "run", "command_success": true, "command_wall_clock_time": 22.652552, "process_in_blocks": "25928", "process_kernel_time": 1.588206, "process_mem_max_rss": "131516", "process_out_blocks": "16", "process_user_time": 2.742885}
[0m13:29:08.197230 [debug] [MainThread]: Command `dbt run` succeeded at 13:29:08.197036 after 22.65 seconds
[0m13:29:08.198366 [debug] [MainThread]: Sending event: {'category': 'dbt', 'action': 'invocation', 'label': 'end', 'context': [<snowplow_tracker.self_describing_json.SelfDescribingJson object at 0x7f0f474e9ac0>, <snowplow_tracker.self_describing_json.SelfDescribingJson object at 0x7f0f474eb6e0>, <snowplow_tracker.self_describing_json.SelfDescribingJson object at 0x7f0f27b516a0>]}
[0m13:29:08.199516 [debug] [MainThread]: Flushing usage events
[0m13:29:08.666587 [debug] [MainThread]: An error was encountered while trying to flush usage events
[0m13:13:18.437324 [debug] [MainThread]: Sending event: {'category': 'dbt', 'action': 'invocation', 'label': 'start', 'context': [<snowplow_tracker.self_describing_json.SelfDescribingJson object at 0x7f22e43cac00>, <snowplow_tracker.self_describing_json.SelfDescribingJson object at 0x7f22e5334980>, <snowplow_tracker.self_describing_json.SelfDescribingJson object at 0x7f22e43cade0>]}


============================== 13:13:18.449478 | bd43c57f-692b-4085-8999-affc19b97ea1 ==============================
[0m13:13:18.449478 [info ] [MainThread]: Running with dbt=1.9.2
[0m13:13:18.450977 [debug] [MainThread]: running dbt with arguments {'printer_width': '80', 'indirect_selection': 'eager', 'log_cache_events': 'False', 'write_json': 'True', 'partial_parse': 'True', 'cache_selected_only': 'False', 'profiles_dir': '/home/batu_ubuntu/.dbt', 'fail_fast': 'False', 'version_check': 'True', 'log_path': '/mnt/c/Users/pc/OneDrive - Koc Universitesi/Masaüstü/dbt_course/dbtlearn/logs', 'debug': 'False', 'warn_error': 'None', 'use_colors': 'True', 'use_experimental_parser': 'False', 'no_print': 'None', 'quiet': 'False', 'empty': 'False', 'warn_error_options': 'WarnErrorOptions(include=[], exclude=[])', 'introspect': 'True', 'log_format': 'default', 'invocation_command': 'dbt run', 'target_path': 'None', 'static_parser': 'True', 'send_anonymous_usage_stats': 'True'}
[0m13:13:21.423739 [debug] [MainThread]: Sending event: {'category': 'dbt', 'action': 'project_id', 'label': 'bd43c57f-692b-4085-8999-affc19b97ea1', 'context': [<snowplow_tracker.self_describing_json.SelfDescribingJson object at 0x7f22e2229070>]}
[0m13:13:21.476818 [debug] [MainThread]: Sending event: {'category': 'dbt', 'action': 'adapter_info', 'label': 'bd43c57f-692b-4085-8999-affc19b97ea1', 'context': [<snowplow_tracker.self_describing_json.SelfDescribingJson object at 0x7f22e21221e0>]}
[0m13:13:21.490489 [info ] [MainThread]: Registered adapter: snowflake=1.9.0
[0m13:13:32.701728 [debug] [MainThread]: checksum: 12b12750b70de726cfd89136b8e24afc3f3e77597a97bff40ab7e5f9b39d5e18, vars: {}, profile: , target: , version: 1.9.2
[0m13:13:35.789381 [debug] [MainThread]: Partial parsing enabled: 0 files deleted, 1 files added, 0 files changed.
[0m13:13:35.790661 [debug] [MainThread]: Partial parsing: added file: dbtlearn://models/src/src_hosts.sql
[0m13:13:36.042326 [debug] [MainThread]: Sending event: {'category': 'dbt', 'action': 'load_project', 'label': 'bd43c57f-692b-4085-8999-affc19b97ea1', 'context': [<snowplow_tracker.self_describing_json.SelfDescribingJson object at 0x7f22e1c2b4d0>]}
[0m13:13:36.119422 [debug] [MainThread]: Wrote artifact WritableManifest to /mnt/c/Users/pc/OneDrive - Koc Universitesi/Masaüstü/dbt_course/dbtlearn/target/manifest.json
[0m13:13:36.135056 [debug] [MainThread]: Wrote artifact SemanticManifest to /mnt/c/Users/pc/OneDrive - Koc Universitesi/Masaüstü/dbt_course/dbtlearn/target/semantic_manifest.json
[0m13:13:36.398959 [debug] [MainThread]: Sending event: {'category': 'dbt', 'action': 'resource_counts', 'label': 'bd43c57f-692b-4085-8999-affc19b97ea1', 'context': [<snowplow_tracker.self_describing_json.SelfDescribingJson object at 0x7f22e1bf9130>]}
[0m13:13:36.400196 [info ] [MainThread]: Found 3 models, 472 macros
[0m13:13:36.401598 [debug] [MainThread]: Sending event: {'category': 'dbt', 'action': 'runnable_timing', 'label': 'bd43c57f-692b-4085-8999-affc19b97ea1', 'context': [<snowplow_tracker.self_describing_json.SelfDescribingJson object at 0x7f22e1b53860>]}
[0m13:13:36.404165 [info ] [MainThread]: 
[0m13:13:36.405460 [info ] [MainThread]: Concurrency: 1 threads (target='dev')
[0m13:13:36.406668 [info ] [MainThread]: 
[0m13:13:36.408324 [debug] [MainThread]: Acquiring new snowflake connection 'master'
[0m13:13:36.414029 [debug] [ThreadPool]: Acquiring new snowflake connection 'list_AIRBNB'
[0m13:13:39.676426 [debug] [ThreadPool]: Using snowflake connection "list_AIRBNB"
[0m13:13:39.677423 [debug] [ThreadPool]: On list_AIRBNB: /* {"app": "dbt", "dbt_version": "1.9.2", "profile_name": "dbtlearn", "target_name": "dev", "connection_name": "list_AIRBNB"} */
show terse schemas in database AIRBNB
    limit 10000
[0m13:13:39.678440 [debug] [ThreadPool]: Opening a new connection, currently in state init
[0m13:13:41.202002 [debug] [ThreadPool]: SQL status: SUCCESS 4 in 1.524 seconds
[0m13:13:41.205079 [debug] [ThreadPool]: Re-using an available connection from the pool (formerly list_AIRBNB, now list_AIRBNB_DEV)
[0m13:13:41.214491 [debug] [ThreadPool]: Using snowflake connection "list_AIRBNB_DEV"
[0m13:13:41.215981 [debug] [ThreadPool]: On list_AIRBNB_DEV: /* {"app": "dbt", "dbt_version": "1.9.2", "profile_name": "dbtlearn", "target_name": "dev", "connection_name": "list_AIRBNB_DEV"} */
show objects in AIRBNB.DEV limit 10000;
[0m13:13:41.500806 [debug] [ThreadPool]: SQL status: SUCCESS 2 in 0.284 seconds
[0m13:13:41.504146 [debug] [MainThread]: Sending event: {'category': 'dbt', 'action': 'runnable_timing', 'label': 'bd43c57f-692b-4085-8999-affc19b97ea1', 'context': [<snowplow_tracker.self_describing_json.SelfDescribingJson object at 0x7f22e51296a0>]}
[0m13:13:41.508464 [debug] [Thread-1 (]: Began running node model.dbtlearn.src_hosts
[0m13:13:41.510085 [info ] [Thread-1 (]: 1 of 3 START sql view model DEV.src_hosts ...................................... [RUN]
[0m13:13:41.511748 [debug] [Thread-1 (]: Re-using an available connection from the pool (formerly list_AIRBNB_DEV, now model.dbtlearn.src_hosts)
[0m13:13:41.513318 [debug] [Thread-1 (]: Began compiling node model.dbtlearn.src_hosts
[0m13:13:41.520129 [debug] [Thread-1 (]: Writing injected SQL for node "model.dbtlearn.src_hosts"
[0m13:13:41.532025 [debug] [Thread-1 (]: Began executing node model.dbtlearn.src_hosts
[0m13:13:41.577511 [debug] [Thread-1 (]: Writing runtime sql for node "model.dbtlearn.src_hosts"
[0m13:13:41.587884 [debug] [Thread-1 (]: Using snowflake connection "model.dbtlearn.src_hosts"
[0m13:13:41.589269 [debug] [Thread-1 (]: On model.dbtlearn.src_hosts: /* {"app": "dbt", "dbt_version": "1.9.2", "profile_name": "dbtlearn", "target_name": "dev", "node_id": "model.dbtlearn.src_hosts"} */
create or replace   view AIRBNB.DEV.src_hosts
  
   as (
    WITH raw_hosts AS(
SELECT *
FROM AIRBNB.RAW.RAW_HOSTS
)
SELECT
    id AS host_id,
    name AS host_name,
    is_superhost,
    created_at,
    updated_at
FROM
    raw_hosts
  );
[0m13:13:42.083019 [debug] [Thread-1 (]: SQL status: SUCCESS 1 in 0.493 seconds
[0m13:13:42.161851 [debug] [Thread-1 (]: Sending event: {'category': 'dbt', 'action': 'run_model', 'label': 'bd43c57f-692b-4085-8999-affc19b97ea1', 'context': [<snowplow_tracker.self_describing_json.SelfDescribingJson object at 0x7f22e507b7d0>]}
[0m13:13:42.163084 [info ] [Thread-1 (]: 1 of 3 OK created sql view model DEV.src_hosts ................................. [[32mSUCCESS 1[0m in 0.64s]
[0m13:13:42.164317 [debug] [Thread-1 (]: Finished running node model.dbtlearn.src_hosts
[0m13:13:42.165257 [debug] [Thread-1 (]: Began running node model.dbtlearn.src_listings
[0m13:13:42.166278 [info ] [Thread-1 (]: 2 of 3 START sql view model DEV.src_listings ................................... [RUN]
[0m13:13:42.167468 [debug] [Thread-1 (]: Re-using an available connection from the pool (formerly model.dbtlearn.src_hosts, now model.dbtlearn.src_listings)
[0m13:13:42.168689 [debug] [Thread-1 (]: Began compiling node model.dbtlearn.src_listings
[0m13:13:42.171635 [debug] [Thread-1 (]: Writing injected SQL for node "model.dbtlearn.src_listings"
[0m13:13:42.184416 [debug] [Thread-1 (]: Began executing node model.dbtlearn.src_listings
[0m13:13:42.189322 [debug] [Thread-1 (]: Writing runtime sql for node "model.dbtlearn.src_listings"
[0m13:13:42.203026 [debug] [Thread-1 (]: Using snowflake connection "model.dbtlearn.src_listings"
[0m13:13:42.204322 [debug] [Thread-1 (]: On model.dbtlearn.src_listings: /* {"app": "dbt", "dbt_version": "1.9.2", "profile_name": "dbtlearn", "target_name": "dev", "node_id": "model.dbtlearn.src_listings"} */
create or replace   view AIRBNB.DEV.src_listings
  
   as (
    WITH raw_listings AS(
SELECT *
FROM AIRBNB.RAW.RAW_LISTINGS
)
SELECT
    id AS listing_id,
    name AS listing_name,
    listing_url,
    room_type,
    minimum_nights,
    host_id,
    price AS price_str,
    created_at,
    updated_at
FROM
    raw_listings
  );
[0m13:13:42.939078 [debug] [Thread-1 (]: SQL status: SUCCESS 1 in 0.734 seconds
[0m13:13:42.945013 [debug] [Thread-1 (]: Sending event: {'category': 'dbt', 'action': 'run_model', 'label': 'bd43c57f-692b-4085-8999-affc19b97ea1', 'context': [<snowplow_tracker.self_describing_json.SelfDescribingJson object at 0x7f22e1cbc530>]}
[0m13:13:42.946798 [info ] [Thread-1 (]: 2 of 3 OK created sql view model DEV.src_listings .............................. [[32mSUCCESS 1[0m in 0.78s]
[0m13:13:42.948594 [debug] [Thread-1 (]: Finished running node model.dbtlearn.src_listings
[0m13:13:42.950023 [debug] [Thread-1 (]: Began running node model.dbtlearn.src_reviews
[0m13:13:42.951472 [info ] [Thread-1 (]: 3 of 3 START sql view model DEV.src_reviews .................................... [RUN]
[0m13:13:42.953053 [debug] [Thread-1 (]: Re-using an available connection from the pool (formerly model.dbtlearn.src_listings, now model.dbtlearn.src_reviews)
[0m13:13:42.955118 [debug] [Thread-1 (]: Began compiling node model.dbtlearn.src_reviews
[0m13:13:42.957991 [debug] [Thread-1 (]: Writing injected SQL for node "model.dbtlearn.src_reviews"
[0m13:13:42.971360 [debug] [Thread-1 (]: Began executing node model.dbtlearn.src_reviews
[0m13:13:42.976547 [debug] [Thread-1 (]: Writing runtime sql for node "model.dbtlearn.src_reviews"
[0m13:13:42.991059 [debug] [Thread-1 (]: Using snowflake connection "model.dbtlearn.src_reviews"
[0m13:13:42.992584 [debug] [Thread-1 (]: On model.dbtlearn.src_reviews: /* {"app": "dbt", "dbt_version": "1.9.2", "profile_name": "dbtlearn", "target_name": "dev", "node_id": "model.dbtlearn.src_reviews"} */
create or replace   view AIRBNB.DEV.src_reviews
  
   as (
    WITH raw_reviews AS(
SELECT *
FROM AIRBNB.RAW.RAW_REVIEWS
)
SELECT
    listing_id,
    date AS review_date,
    reviewer_name,
    comments AS review_text,
    sentiment AS review_sentiment    
FROM
    raw_reviews
  );
[0m13:13:43.560199 [debug] [Thread-1 (]: SQL status: SUCCESS 1 in 0.566 seconds
[0m13:13:43.563467 [debug] [Thread-1 (]: Sending event: {'category': 'dbt', 'action': 'run_model', 'label': 'bd43c57f-692b-4085-8999-affc19b97ea1', 'context': [<snowplow_tracker.self_describing_json.SelfDescribingJson object at 0x7f22e1d4ea80>]}
[0m13:13:43.564965 [info ] [Thread-1 (]: 3 of 3 OK created sql view model DEV.src_reviews ............................... [[32mSUCCESS 1[0m in 0.61s]
[0m13:13:43.567366 [debug] [Thread-1 (]: Finished running node model.dbtlearn.src_reviews
[0m13:13:43.570368 [debug] [MainThread]: Connection 'master' was properly closed.
[0m13:13:43.571662 [debug] [MainThread]: Connection 'model.dbtlearn.src_reviews' was left open.
[0m13:13:43.572837 [debug] [MainThread]: On model.dbtlearn.src_reviews: Close
[0m13:13:43.891858 [info ] [MainThread]: 
[0m13:13:43.894396 [info ] [MainThread]: Finished running 3 view models in 0 hours 0 minutes and 7.48 seconds (7.48s).
[0m13:13:43.897682 [debug] [MainThread]: Command end result
[0m13:13:43.952309 [debug] [MainThread]: Wrote artifact WritableManifest to /mnt/c/Users/pc/OneDrive - Koc Universitesi/Masaüstü/dbt_course/dbtlearn/target/manifest.json
[0m13:13:43.963059 [debug] [MainThread]: Wrote artifact SemanticManifest to /mnt/c/Users/pc/OneDrive - Koc Universitesi/Masaüstü/dbt_course/dbtlearn/target/semantic_manifest.json
[0m13:13:43.974407 [debug] [MainThread]: Wrote artifact RunExecutionResult to /mnt/c/Users/pc/OneDrive - Koc Universitesi/Masaüstü/dbt_course/dbtlearn/target/run_results.json
[0m13:13:43.975778 [info ] [MainThread]: 
[0m13:13:43.977104 [info ] [MainThread]: [32mCompleted successfully[0m
[0m13:13:43.978457 [info ] [MainThread]: 
[0m13:13:43.979746 [info ] [MainThread]: Done. PASS=3 WARN=0 ERROR=0 SKIP=0 TOTAL=3
[0m13:13:43.983666 [debug] [MainThread]: Resource report: {"command_name": "run", "command_success": true, "command_wall_clock_time": 25.64934, "process_in_blocks": "29112", "process_kernel_time": 2.018399, "process_mem_max_rss": "131760", "process_out_blocks": "1464", "process_user_time": 2.637256}
[0m13:13:43.985120 [debug] [MainThread]: Command `dbt run` succeeded at 13:13:43.984957 after 25.65 seconds
[0m13:13:43.986835 [debug] [MainThread]: Sending event: {'category': 'dbt', 'action': 'invocation', 'label': 'end', 'context': [<snowplow_tracker.self_describing_json.SelfDescribingJson object at 0x7f22e36ada00>, <snowplow_tracker.self_describing_json.SelfDescribingJson object at 0x7f22e2090500>, <snowplow_tracker.self_describing_json.SelfDescribingJson object at 0x7f22e2090590>]}
[0m13:13:43.988401 [debug] [MainThread]: Flushing usage events
[0m13:13:44.499187 [debug] [MainThread]: An error was encountered while trying to flush usage events
